Determining if the pthread_create exist failed with the following output:
Change Dir: /home/jordy/Dropbox/TrabalhoCG/build/CMakeFiles/CMakeTmp

Run Build Command:"/usr/bin/make" "cmTryCompileExec543978974/fast"
/usr/bin/make -f CMakeFiles/cmTryCompileExec543978974.dir/build.make CMakeFiles/cmTryCompileExec543978974.dir/build
make[1]: Entering directory '/home/jordy/Dropbox/TrabalhoCG/build/CMakeFiles/CMakeTmp'
/usr/bin/cmake -E cmake_progress_report /home/jordy/Dropbox/TrabalhoCG/build/CMakeFiles/CMakeTmp/CMakeFiles 1
Building C object CMakeFiles/cmTryCompileExec543978974.dir/CheckSymbolExists.c.o
/usr/bin/cc    -o CMakeFiles/cmTryCompileExec543978974.dir/CheckSymbolExists.c.o   -c /home/jordy/Dropbox/TrabalhoCG/build/CMakeFiles/CMakeTmp/CheckSymbolExists.c
Linking C executable cmTryCompileExec543978974
/usr/bin/cmake -E cmake_link_script CMakeFiles/cmTryCompileExec543978974.dir/link.txt --verbose=1
/usr/bin/cc       CMakeFiles/cmTryCompileExec543978974.dir/CheckSymbolExists.c.o  -o cmTryCompileExec543978974 -rdynamic 
CMakeFiles/cmTryCompileExec543978974.dir/CheckSymbolExists.c.o: In function `main':
CheckSymbolExists.c:(.text+0x16): undefined reference to `pthread_create'
collect2: error: ld returned 1 exit status
CMakeFiles/cmTryCompileExec543978974.dir/build.make:88: recipe for target 'cmTryCompileExec543978974' failed
make[1]: Leaving directory '/home/jordy/Dropbox/TrabalhoCG/build/CMakeFiles/CMakeTmp'
make[1]: *** [cmTryCompileExec543978974] Error 1
Makefile:117: recipe for target 'cmTryCompileExec543978974/fast' failed
make: *** [cmTryCompileExec543978974/fast] Error 2

File /home/jordy/Dropbox/TrabalhoCG/build/CMakeFiles/CMakeTmp/CheckSymbolExists.c:
/* */
#include <pthread.h>

int main(int argc, char** argv)
{
  (void)argv;
#ifndef pthread_create
  return ((int*)(&pthread_create))[argc];
#else
  (void)argc;
  return 0;
#endif
}

Determining if the function pthread_create exists in the pthreads failed with the following output:
Change Dir: /home/jordy/Dropbox/TrabalhoCG/build/CMakeFiles/CMakeTmp

Run Build Command:"/usr/bin/make" "cmTryCompileExec3609983082/fast"
/usr/bin/make -f CMakeFiles/cmTryCompileExec3609983082.dir/build.make CMakeFiles/cmTryCompileExec3609983082.dir/build
make[1]: Entering directory '/home/jordy/Dropbox/TrabalhoCG/build/CMakeFiles/CMakeTmp'
/usr/bin/cmake -E cmake_progress_report /home/jordy/Dropbox/TrabalhoCG/build/CMakeFiles/CMakeTmp/CMakeFiles 1
Building C object CMakeFiles/cmTryCompileExec3609983082.dir/CheckFunctionExists.c.o
/usr/bin/cc   -DCHECK_FUNCTION_EXISTS=pthread_create   -o CMakeFiles/cmTryCompileExec3609983082.dir/CheckFunctionExists.c.o   -c /usr/share/cmake-3.2/Modules/CheckFunctionExists.c
Linking C executable cmTryCompileExec3609983082
/usr/bin/cmake -E cmake_link_script CMakeFiles/cmTryCompileExec3609983082.dir/link.txt --verbose=1
/usr/bin/cc   -DCHECK_FUNCTION_EXISTS=pthread_create    CMakeFiles/cmTryCompileExec3609983082.dir/CheckFunctionExists.c.o  -o cmTryCompileExec3609983082 -rdynamic -lpthreads 
/usr/bin/ld: cannot find -lpthreads
collect2: error: ld returned 1 exit status
CMakeFiles/cmTryCompileExec3609983082.dir/build.make:88: recipe for target 'cmTryCompileExec3609983082' failed
make[1]: *** [cmTryCompileExec3609983082] Error 1
make[1]: Leaving directory '/home/jordy/Dropbox/TrabalhoCG/build/CMakeFiles/CMakeTmp'
Makefile:117: recipe for target 'cmTryCompileExec3609983082/fast' failed
make: *** [cmTryCompileExec3609983082/fast] Error 2


